{
  "RSpec": {
    "coverage": {
      "/Users/braxtoneddings/mod1/enigma/spec/enigma_spec.rb": {
        "lines": [
          1,
          null,
          1,
          2,
          null,
          1,
          1,
          null,
          null,
          null,
          null,
          null,
          null,
          null
        ]
      },
      "/Users/braxtoneddings/mod1/enigma/lib/enigma.rb": {
        "lines": [
          1,
          null,
          null,
          null,
          null,
          null,
          null,
          null,
          null,
          null,
          null,
          null,
          null,
          null,
          null,
          null,
          null,
          null,
          null,
          null,
          null,
          null
        ]
      },
      "/Users/braxtoneddings/mod1/enigma/spec/shift_spec.rb": {
        "lines": [
          1,
          1,
          null,
          1,
          5,
          null,
          1,
          1,
          1,
          1,
          null,
          null,
          1,
          1,
          1,
          null,
          null,
          1,
          1,
          null,
          null,
          1,
          1,
          1,
          null,
          null,
          1,
          1,
          null,
          null,
          1,
          1,
          1,
          null,
          null,
          1,
          1,
          1,
          null,
          null,
          null
        ]
      },
      "/Users/braxtoneddings/mod1/enigma/lib/shift.rb": {
        "lines": [
          1,
          null,
          1,
          1,
          null,
          1,
          7,
          7,
          7,
          null,
          null,
          1,
          null,
          6,
          5,
          null,
          1,
          null,
          null,
          null,
          1,
          1,
          null,
          null,
          1,
          5,
          null,
          null,
          1,
          1,
          null,
          null,
          null,
          null,
          null
        ]
      },
      "/Users/braxtoneddings/mod1/enigma/spec/rotation_spec.rb": {
        "lines": [
          1,
          null,
          1,
          4,
          null,
          1,
          1,
          1,
          1,
          null,
          null,
          1,
          1,
          null,
          null,
          1,
          1,
          1,
          1,
          null,
          null
        ]
      },
      "/Users/braxtoneddings/mod1/enigma/lib/rotation.rb": {
        "lines": [
          1,
          1,
          null,
          1,
          3,
          3,
          null,
          null,
          1,
          1,
          null,
          null,
          1,
          3,
          null,
          null
        ]
      }
    },
    "timestamp": 1668208575
  }
}
