{
  "RSpec": {
    "coverage": {
      "/Users/braxtoneddings/mod1/enigma/spec/enigma_spec.rb": {
        "lines": [
          1,
          null,
          1,
          8,
          null,
          1,
          1,
          null,
          null,
          1,
          1,
          1,
          null,
          null,
          null,
          1,
          1,
          1,
          null,
          null,
          1,
          1,
          1,
          null,
          null,
          1,
          1,
          1,
          null,
          null,
          1,
          1,
          1,
          1,
          null,
          null,
          1,
          1,
          1,
          null,
          null
        ]
      },
      "/Users/braxtoneddings/mod1/enigma/lib/enigma.rb": {
        "lines": [
          1,
          1,
          null,
          1,
          null,
          1,
          4,
          4,
          4,
          null,
          4,
          null,
          null,
          null,
          null,
          null,
          1,
          3,
          3,
          3,
          null,
          3,
          null,
          null,
          null,
          null,
          null,
          null
        ]
      },
      "/Users/braxtoneddings/mod1/enigma/lib/shift.rb": {
        "lines": [
          1,
          null,
          1,
          1,
          null,
          1,
          7,
          7,
          7,
          null,
          null,
          1,
          10,
          1,
          null,
          9,
          null,
          null,
          null,
          1,
          1,
          null,
          null,
          1,
          1,
          null,
          null,
          1,
          9,
          null,
          null,
          1,
          8,
          null,
          null,
          null,
          null,
          null
        ]
      },
      "/Users/braxtoneddings/mod1/enigma/lib/rotation.rb": {
        "lines": [
          1,
          1,
          1,
          null,
          1,
          12,
          null,
          null,
          1,
          3,
          null,
          null,
          1,
          5,
          5,
          5,
          57,
          2,
          null,
          55,
          15,
          15,
          15,
          15,
          40,
          15,
          15,
          15,
          15,
          25,
          15,
          15,
          15,
          15,
          10,
          10,
          10,
          10,
          10,
          null,
          null,
          null,
          5,
          null,
          null,
          1,
          1,
          4,
          null,
          null,
          null,
          1,
          4,
          4,
          4,
          46,
          2,
          null,
          44,
          12,
          12,
          12,
          12,
          32,
          12,
          12,
          12,
          12,
          20,
          12,
          12,
          12,
          12,
          8,
          8,
          8,
          8,
          8,
          null,
          null,
          null,
          4,
          null,
          null
        ]
      },
      "/Users/braxtoneddings/mod1/enigma/spec/shift_spec.rb": {
        "lines": [
          1,
          1,
          null,
          1,
          7,
          null,
          1,
          1,
          1,
          1,
          null,
          null,
          1,
          1,
          1,
          null,
          null,
          1,
          1,
          null,
          null,
          1,
          1,
          1,
          null,
          null,
          1,
          1,
          null,
          null,
          1,
          1,
          null,
          null,
          1,
          1,
          1,
          null,
          1,
          null,
          null,
          null
        ]
      },
      "/Users/braxtoneddings/mod1/enigma/spec/rotation_spec.rb": {
        "lines": [
          1,
          null,
          1,
          6,
          null,
          1,
          1,
          1,
          null,
          null,
          1,
          1,
          1,
          1,
          null,
          null,
          1,
          1,
          null,
          null,
          1,
          1,
          1,
          1,
          null,
          null,
          1,
          1,
          null,
          null
        ]
      }
    },
    "timestamp": 1668375624
  }
}
